Opening in existing browser session.
Opening in existing browser session.
[3652:3652:0125/174256.992636:ERROR:policy_logger.cc(157)] :components/enterprise/browser/controller/chrome_browser_cloud_management_controller.cc(163) Cloud management controller initialization aborted as CBCM is not enabled.
tracing_subscriber - init success
Fontconfig error: Cannot load default config file: No such file: (null)
[3957:3988:0125/174311.923038:ERROR:ssl_client_socket_impl.cc(975)] handshake failed; returned -1, SSL error code 1, net_error -101
[3957:3988:0125/174312.005596:ERROR:ssl_client_socket_impl.cc(975)] handshake failed; returned -1, SSL error code 1, net_error -101
[3957:3988:0125/174312.088055:ERROR:ssl_client_socket_impl.cc(975)] handshake failed; returned -1, SSL error code 1, net_error -101
[3957:3988:0125/174312.088415:ERROR:ssl_client_socket_impl.cc(975)] handshake failed; returned -1, SSL error code 1, net_error -101
[3957:3988:0125/174312.292799:ERROR:ssl_client_socket_impl.cc(975)] handshake failed; returned -1, SSL error code 1, net_error -101
[3957:3988:0125/174312.292964:ERROR:ssl_client_socket_impl.cc(975)] handshake failed; returned -1, SSL error code 1, net_error -101
[3957:3988:0125/174312.293180:ERROR:ssl_client_socket_impl.cc(975)] handshake failed; returned -1, SSL error code 1, net_error -101
[3957:3988:0125/174312.400295:ERROR:ssl_client_socket_impl.cc(975)] handshake failed; returned -1, SSL error code 1, net_error -101
[3957:3988:0125/174312.400547:ERROR:ssl_client_socket_impl.cc(975)] handshake failed; returned -1, SSL error code 1, net_error -101
[3957:3988:0125/174312.400642:ERROR:ssl_client_socket_impl.cc(975)] handshake failed; returned -1, SSL error code 1, net_error -101
[3957:3988:0125/174312.400857:ERROR:ssl_client_socket_impl.cc(975)] handshake failed; returned -1, SSL error code 1, net_error -101
[3957:3988:0125/174312.401109:ERROR:ssl_client_socket_impl.cc(975)] handshake failed; returned -1, SSL error code 1, net_error -101
[3957:3988:0125/174312.401252:ERROR:ssl_client_socket_impl.cc(975)] handshake failed; returned -1, SSL error code 1, net_error -101
[3957:3988:0125/174312.401303:ERROR:ssl_client_socket_impl.cc(975)] handshake failed; returned -1, SSL error code 1, net_error -101
[3957:3988:0125/174312.404394:ERROR:ssl_client_socket_impl.cc(975)] handshake failed; returned -1, SSL error code 1, net_error -101
[3957:3988:0125/174312.418294:ERROR:ssl_client_socket_impl.cc(975)] handshake failed; returned -1, SSL error code 1, net_error -101
[3957:3988:0125/174312.455948:ERROR:ssl_client_socket_impl.cc(975)] handshake failed; returned -1, SSL error code 1, net_error -101
[3957:3988:0125/174312.466786:ERROR:ssl_client_socket_impl.cc(975)] handshake failed; returned -1, SSL error code 1, net_error -101
[3957:3988:0125/174312.470085:ERROR:ssl_client_socket_impl.cc(975)] handshake failed; returned -1, SSL error code 1, net_error -101
[3957:3988:0125/174312.474532:ERROR:ssl_client_socket_impl.cc(975)] handshake failed; returned -1, SSL error code 1, net_error -101
[3957:3988:0125/174312.505030:ERROR:ssl_client_socket_impl.cc(975)] handshake failed; returned -1, SSL error code 1, net_error -101
[3957:3988:0125/174312.534938:ERROR:ssl_client_socket_impl.cc(975)] handshake failed; returned -1, SSL error code 1, net_error -101
[3957:3988:0125/174312.542887:ERROR:ssl_client_socket_impl.cc(975)] handshake failed; returned -1, SSL error code 1, net_error -101
[3957:3988:0125/174312.545766:ERROR:ssl_client_socket_impl.cc(975)] handshake failed; returned -1, SSL error code 1, net_error -101
[3957:3988:0125/174312.564685:ERROR:ssl_client_socket_impl.cc(975)] handshake failed; returned -1, SSL error code 1, net_error -101
[3957:3988:0125/174312.583698:ERROR:ssl_client_socket_impl.cc(975)] handshake failed; returned -1, SSL error code 1, net_error -101
[3957:3988:0125/174312.600226:ERROR:ssl_client_socket_impl.cc(975)] handshake failed; returned -1, SSL error code 1, net_error -101
[3957:3988:0125/174312.604075:ERROR:ssl_client_socket_impl.cc(975)] handshake failed; returned -1, SSL error code 1, net_error -101
[3957:3988:0125/174312.629294:ERROR:ssl_client_socket_impl.cc(975)] handshake failed; returned -1, SSL error code 1, net_error -101
[3957:3988:0125/174312.629439:ERROR:ssl_client_socket_impl.cc(975)] handshake failed; returned -1, SSL error code 1, net_error -101
[3957:3988:0125/174312.631444:ERROR:ssl_client_socket_impl.cc(975)] handshake failed; returned -1, SSL error code 1, net_error -101
[3957:3988:0125/174312.638889:ERROR:ssl_client_socket_impl.cc(975)] handshake failed; returned -1, SSL error code 1, net_error -101
[3957:3988:0125/174312.642552:ERROR:ssl_client_socket_impl.cc(975)] handshake failed; returned -1, SSL error code 1, net_error -101
[3957:3988:0125/174312.644443:ERROR:ssl_client_socket_impl.cc(975)] handshake failed; returned -1, SSL error code 1, net_error -101
[3957:3988:0125/174312.666134:ERROR:ssl_client_socket_impl.cc(975)] handshake failed; returned -1, SSL error code 1, net_error -101
[3957:3988:0125/174312.805519:ERROR:ssl_client_socket_impl.cc(975)] handshake failed; returned -1, SSL error code 1, net_error -101
[3957:3988:0125/174312.805733:ERROR:ssl_client_socket_impl.cc(975)] handshake failed; returned -1, SSL error code 1, net_error -101
[3957:3988:0125/174312.805786:ERROR:ssl_client_socket_impl.cc(975)] handshake failed; returned -1, SSL error code 1, net_error -101
[3957:3988:0125/174312.823322:ERROR:ssl_client_socket_impl.cc(975)] handshake failed; returned -1, SSL error code 1, net_error -101
[3957:3988:0125/174312.826593:ERROR:ssl_client_socket_impl.cc(975)] handshake failed; returned -1, SSL error code 1, net_error -101
[3957:3988:0125/174312.849582:ERROR:ssl_client_socket_impl.cc(975)] handshake failed; returned -1, SSL error code 1, net_error -101
[3957:3988:0125/174312.852772:ERROR:ssl_client_socket_impl.cc(975)] handshake failed; returned -1, SSL error code 1, net_error -101
[3957:3988:0125/174312.860193:ERROR:ssl_client_socket_impl.cc(975)] handshake failed; returned -1, SSL error code 1, net_error -101
[3957:3988:0125/174312.861332:ERROR:ssl_client_socket_impl.cc(975)] handshake failed; returned -1, SSL error code 1, net_error -101
[3957:3988:0125/174312.863604:ERROR:ssl_client_socket_impl.cc(975)] handshake failed; returned -1, SSL error code 1, net_error -101
[3957:3988:0125/174312.867180:ERROR:ssl_client_socket_impl.cc(975)] handshake failed; returned -1, SSL error code 1, net_error -101
[3957:3988:0125/174312.869187:ERROR:ssl_client_socket_impl.cc(975)] handshake failed; returned -1, SSL error code 1, net_error -101
[3957:3988:0125/174312.896218:ERROR:ssl_client_socket_impl.cc(975)] handshake failed; returned -1, SSL error code 1, net_error -101
[3957:3988:0125/174312.899499:ERROR:ssl_client_socket_impl.cc(975)] handshake failed; returned -1, SSL error code 1, net_error -101
[3957:3988:0125/174313.009538:ERROR:ssl_client_socket_impl.cc(975)] handshake failed; returned -1, SSL error code 1, net_error -101
[3957:3988:0125/174313.216398:ERROR:ssl_client_socket_impl.cc(975)] handshake failed; returned -1, SSL error code 1, net_error -101
[3957:3988:0125/174313.318043:ERROR:ssl_client_socket_impl.cc(975)] handshake failed; returned -1, SSL error code 1, net_error -101
[3957:3988:0125/174313.537056:ERROR:ssl_client_socket_impl.cc(975)] handshake failed; returned -1, SSL error code 1, net_error -101
[3957:3988:0125/174313.537442:ERROR:ssl_client_socket_impl.cc(975)] handshake failed; returned -1, SSL error code 1, net_error -101
[3957:3988:0125/174313.537619:ERROR:ssl_client_socket_impl.cc(975)] handshake failed; returned -1, SSL error code 1, net_error -101
[3957:3988:0125/174313.537783:ERROR:ssl_client_socket_impl.cc(975)] handshake failed; returned -1, SSL error code 1, net_error -101
[3957:3988:0125/174313.537942:ERROR:ssl_client_socket_impl.cc(975)] handshake failed; returned -1, SSL error code 1, net_error -101
[3957:3988:0125/174313.538101:ERROR:ssl_client_socket_impl.cc(975)] handshake failed; returned -1, SSL error code 1, net_error -101
[3957:3988:0125/174314.035031:ERROR:ssl_client_socket_impl.cc(975)] handshake failed; returned -1, SSL error code 1, net_error -101
[3957:3988:0125/174314.056602:ERROR:ssl_client_socket_impl.cc(975)] handshake failed; returned -1, SSL error code 1, net_error -101
[3957:3988:0125/174314.059983:ERROR:ssl_client_socket_impl.cc(975)] handshake failed; returned -1, SSL error code 1, net_error -101
[3957:3988:0125/174314.062072:ERROR:ssl_client_socket_impl.cc(975)] handshake failed; returned -1, SSL error code 1, net_error -101
[3957:3988:0125/174314.065638:ERROR:ssl_client_socket_impl.cc(975)] handshake failed; returned -1, SSL error code 1, net_error -101
[3957:3988:0125/174314.066465:ERROR:ssl_client_socket_impl.cc(975)] handshake failed; returned -1, SSL error code 1, net_error -101
[3957:3988:0125/174314.648044:ERROR:ssl_client_socket_impl.cc(975)] handshake failed; returned -1, SSL error code 1, net_error -101
[3957:3988:0125/174314.651205:ERROR:ssl_client_socket_impl.cc(975)] handshake failed; returned -1, SSL error code 1, net_error -101
[3957:3988:0125/174314.873570:ERROR:ssl_client_socket_impl.cc(975)] handshake failed; returned -1, SSL error code 1, net_error -101
[3957:3988:0125/174314.921813:ERROR:ssl_client_socket_impl.cc(975)] handshake failed; returned -1, SSL error code 1, net_error -101
[3957:3988:0125/174314.976102:ERROR:ssl_client_socket_impl.cc(975)] handshake failed; returned -1, SSL error code 1, net_error -101
[3957:3988:0125/174315.015265:ERROR:ssl_client_socket_impl.cc(975)] handshake failed; returned -1, SSL error code 1, net_error -101
[3957:3988:0125/174315.058484:ERROR:ssl_client_socket_impl.cc(975)] handshake failed; returned -1, SSL error code 1, net_error -101
[3957:3988:0125/174315.107266:ERROR:ssl_client_socket_impl.cc(975)] handshake failed; returned -1, SSL error code 1, net_error -101
[3957:3988:0125/174315.117032:ERROR:ssl_client_socket_impl.cc(975)] handshake failed; returned -1, SSL error code 1, net_error -101
[3957:3988:0125/174315.137852:ERROR:ssl_client_socket_impl.cc(975)] handshake failed; returned -1, SSL error code 1, net_error -101
[3957:3988:0125/174315.165243:ERROR:ssl_client_socket_impl.cc(975)] handshake failed; returned -1, SSL error code 1, net_error -101
[3957:3988:0125/174315.204452:ERROR:ssl_client_socket_impl.cc(975)] handshake failed; returned -1, SSL error code 1, net_error -101
[3957:3988:0125/174319.460842:ERROR:ssl_client_socket_impl.cc(975)] handshake failed; returned -1, SSL error code 1, net_error -101
[3957:3988:0125/174319.666901:ERROR:ssl_client_socket_impl.cc(975)] handshake failed; returned -1, SSL error code 1, net_error -101
[3957:3988:0125/174321.816933:ERROR:ssl_client_socket_impl.cc(975)] handshake failed; returned -1, SSL error code 1, net_error -101
[3957:3988:0125/174321.919010:ERROR:ssl_client_socket_impl.cc(975)] handshake failed; returned -1, SSL error code 1, net_error -101
[3957:3988:0125/174321.961363:ERROR:ssl_client_socket_impl.cc(975)] handshake failed; returned -1, SSL error code 1, net_error -101
[3957:3988:0125/174322.041378:ERROR:ssl_client_socket_impl.cc(975)] handshake failed; returned -1, SSL error code 1, net_error -101
[3957:3988:0125/174325.503555:ERROR:ssl_client_socket_impl.cc(975)] handshake failed; returned -1, SSL error code 1, net_error -101
[3957:3988:0125/174325.711191:ERROR:ssl_client_socket_impl.cc(975)] handshake failed; returned -1, SSL error code 1, net_error -101
[3957:3988:0125/174325.711596:ERROR:ssl_client_socket_impl.cc(975)] handshake failed; returned -1, SSL error code 1, net_error -101
[3957:3988:0125/174325.914219:ERROR:ssl_client_socket_impl.cc(975)] handshake failed; returned -1, SSL error code 1, net_error -101
[3957:3988:0125/174328.800096:ERROR:ssl_client_socket_impl.cc(975)] handshake failed; returned -1, SSL error code 1, net_error -101
[3957:3988:0125/174328.906363:ERROR:ssl_client_socket_impl.cc(975)] handshake failed; returned -1, SSL error code 1, net_error -101
[3957:3988:0125/174329.003853:ERROR:ssl_client_socket_impl.cc(975)] handshake failed; returned -1, SSL error code 1, net_error -101
[3957:3988:0125/174329.042291:ERROR:ssl_client_socket_impl.cc(975)] handshake failed; returned -1, SSL error code 1, net_error -101
[3957:3988:0125/174330.522151:ERROR:ssl_client_socket_impl.cc(975)] handshake failed; returned -1, SSL error code 1, net_error -101
[3957:3988:0125/174330.726102:ERROR:ssl_client_socket_impl.cc(975)] handshake failed; returned -1, SSL error code 1, net_error -101
[3957:3988:0125/174346.290254:ERROR:ssl_client_socket_impl.cc(975)] handshake failed; returned -1, SSL error code 1, net_error -101
[3957:3988:0125/174346.495450:ERROR:ssl_client_socket_impl.cc(975)] handshake failed; returned -1, SSL error code 1, net_error -101
[3957:3988:0125/174353.049305:ERROR:ssl_client_socket_impl.cc(975)] handshake failed; returned -1, SSL error code 1, net_error -101
[3957:3988:0125/174353.262343:ERROR:ssl_client_socket_impl.cc(975)] handshake failed; returned -1, SSL error code 1, net_error -101
[3957:3988:0125/174353.560960:ERROR:ssl_client_socket_impl.cc(975)] handshake failed; returned -1, SSL error code 1, net_error -101
[3957:3988:0125/174353.764758:ERROR:ssl_client_socket_impl.cc(975)] handshake failed; returned -1, SSL error code 1, net_error -101
[2389:2389:0125/175005.425186:ERROR:policy_logger.cc(157)] :components/enterprise/browser/controller/chrome_browser_cloud_management_controller.cc(163) Cloud management controller initialization aborted as CBCM is not enabled.
tracing_subscriber - init success
Opening in existing browser session.
Opening in existing browser session.
[5450:5450:0327/023433.206035:ERROR:policy_logger.cc(156)] :components/enterprise/browser/controller/chrome_browser_cloud_management_controller.cc(161) Cloud management controller initialization aborted as CBCM is not enabled. Please use the `--enable-chrome-browser-cloud-management` command line flag to enable it if you are not using the official Google Chrome build.
[5450:5519:0327/023434.221665:ERROR:object_proxy.cc(576)] Failed to call method: org.freedesktop.DBus.StartServiceByName: object_path= /org/freedesktop/DBus: org.freedesktop.DBus.Error.NoReply: Did not receive a reply. Possible causes include: the remote application did not send a reply, the message bus security policy blocked the reply, the reply timeout expired, or the network connection was broken.
[5450:5450:0327/030021.595727:ERROR:star_randomness_meta.cc(372)] StarRandomnessMeta: failed to parse server info next epoch time
[5450:5450:0327/030031.838229:ERROR:star_randomness_meta.cc(372)] StarRandomnessMeta: failed to parse server info next epoch time
[5450:5450:0327/030050.162390:ERROR:star_randomness_meta.cc(372)] StarRandomnessMeta: failed to parse server info next epoch time
[5450:5450:0327/030114.036560:ERROR:star_randomness_meta.cc(372)] StarRandomnessMeta: failed to parse server info next epoch time
[5450:5450:0327/030158.656698:ERROR:star_randomness_meta.cc(372)] StarRandomnessMeta: failed to parse server info next epoch time
Fontconfig error: Cannot load default config file: No such file: (null)
[5450:5450:0327/030321.737789:ERROR:star_randomness_meta.cc(372)] StarRandomnessMeta: failed to parse server info next epoch time
[5450:5450:0327/030603.249274:ERROR:star_randomness_meta.cc(372)] StarRandomnessMeta: failed to parse server info next epoch time
[5450:5450:0327/031126.777144:ERROR:star_randomness_meta.cc(372)] StarRandomnessMeta: failed to parse server info next epoch time
[5575:5575:0327/031302.903405:ERROR:connection.cc(60)] X connection error received.
Opening in existing browser session.
Opening in existing browser session.
Opening in existing browser session.
